<?xml version="1.0" encoding="UTF-8"?>
<testsuite name="MyStackTests" tests="5" skipped="0" failures="0" errors="0" timestamp="2020-10-08T14:10:06" hostname="MacBook-Proko.cn.ru_novotelecom.ru" time="0.007">
  <properties/>
  <testcase name="test1" classname="MyStackTests" time="0.002"/>
  <testcase name="test2" classname="MyStackTests" time="0.002"/>
  <testcase name="test3" classname="MyStackTests" time="0.001"/>
  <testcase name="test4" classname="MyStackTests" time="0.0"/>
  <testcase name="test5" classname="MyStackTests" time="0.002"/>
  <system-out><![CDATA[]]></system-out>
  <system-err><![CDATA[]]></system-err>
</testsuite>
