<?xml version="1.0" encoding="UTF-8"?>
<testsuite name="MyStackTests" tests="4" skipped="0" failures="0" errors="0" timestamp="2020-09-11T04:59:08" hostname="MacBook-Pro.local" time="0.004">
  <properties/>
  <testcase name="test1" classname="MyStackTests" time="0.0"/>
  <testcase name="test2" classname="MyStackTests" time="0.002"/>
  <testcase name="test3" classname="MyStackTests" time="0.001"/>
  <testcase name="test4" classname="MyStackTests" time="0.0"/>
  <system-out><![CDATA[Stack is full
Stack is full
Stack is full
Stack is full
Stack is full
Stack is full
Stack is full
Stack is full
]]></system-out>
  <system-err><![CDATA[]]></system-err>
</testsuite>
