<?xml version="1.0" encoding="UTF-8"?>
<testsuite name="com.proko.GraphTests" tests="7" skipped="0" failures="0" errors="0" timestamp="2020-09-11T04:23:46" hostname="MacBook-Pro.local" time="0.003">
  <properties/>
  <testcase name="test1" classname="com.proko.GraphTests" time="0.001"/>
  <testcase name="test2" classname="com.proko.GraphTests" time="0.001"/>
  <testcase name="test3" classname="com.proko.GraphTests" time="0.0"/>
  <testcase name="test4" classname="com.proko.GraphTests" time="0.0"/>
  <testcase name="test5" classname="com.proko.GraphTests" time="0.0"/>
  <testcase name="test6" classname="com.proko.GraphTests" time="0.0"/>
  <testcase name="test7" classname="com.proko.GraphTests" time="0.0"/>
  <system-out><![CDATA[]]></system-out>
  <system-err><![CDATA[]]></system-err>
</testsuite>
